<?xml version="1.0" encoding="UTF-8"?>
<!-- Generated by org.testng.reporters.JUnitReportReporter -->
<testsuite hostname="HOTGQA0002" failures="0" tests="5" name="com.mlwallet.test.MLWalletWebScripts" time="292.257" errors="0" timestamp="2023-09-21T18:40:47 SGT" skipped="0">
  <testcase classname="com.mlwallet.test.MLWalletWebScripts" name="shopItemsRingProductPurchaseScenario" time="82.948"/>
  <system-out/>
  <testcase classname="com.mlwallet.test.MLWalletWebScripts" name="mlShopProfileNameAndDropDownValidation" time="45.047"/>
  <system-out/>
  <testcase classname="com.mlwallet.test.MLWalletWebScripts" name="shopItemsProfilePageNavigation" time="44.636"/>
  <system-out/>
  <testcase classname="com.mlwallet.test.MLWalletWebScripts" name="shopItemsPurchaseHistoryPageNavigation" time="45.873"/>
  <system-out/>
  <testcase classname="com.mlwallet.test.MLWalletWebScripts" name="shopItemsLogoutValidation" time="73.753"/>
  <system-out/>
</testsuite> <!-- com.mlwallet.test.MLWalletWebScripts -->
